<?xml version="1.0" encoding="UTF-8"?>
<!-- Generated by org.testng.reporters.JUnitReportReporter -->
<testsuite hostname="LAPTOP-NN2AJ9IO" failures="0" tests="4" name="testPack.TestClass" time="67.606" errors="0" timestamp="2020-08-21T09:44:20 IST" skipped="0">
  <testcase classname="testPack.TestClass" name="test1" time="18.975"/>
  <system-out/>
  <testcase classname="testPack.TestClass" name="Test2" time="29.983"/>
  <system-out/>
  <testcase classname="testPack.TestClass" name="Test3" time="15.448"/>
  <system-out/>
  <testcase classname="testPack.TestClass" name="Test4" time="3.200"/>
  <system-out/>
</testsuite> <!-- testPack.TestClass -->
