<?xml version="1.0" encoding="UTF-8"?>
<!-- Generated by org.testng.reporters.JUnitReportReporter -->
<testsuite hostname="LAPTOP-NN2AJ9IO" failures="0" tests="4" name="testPack.UrbanLadderTestClass" time="67.801" errors="0" timestamp="2020-08-24T10:13:57 IST" skipped="0">
  <testcase classname="testPack.UrbanLadderTestClass" name="test1" time="14.053"/>
  <system-out/>
  <testcase classname="testPack.UrbanLadderTestClass" name="Test2" time="35.588"/>
  <system-out/>
  <testcase classname="testPack.UrbanLadderTestClass" name="Test3" time="12.811"/>
  <system-out/>
  <testcase classname="testPack.UrbanLadderTestClass" name="Test4" time="5.349"/>
  <system-out/>
</testsuite> <!-- testPack.UrbanLadderTestClass -->
