<?xml version="1.0" encoding="UTF-8"?>
<!-- Generated by org.testng.reporters.JUnitReportReporter -->
<testsuite hostname="LAPTOP-NN2AJ9IO" failures="0" tests="8" name="testPack.UrbanLadderTestClass" time="181.213" errors="0" timestamp="2020-08-27T21:56:03 IST" skipped="0">
  <testcase classname="testPack.UrbanLadderTestClass" name="test1" time="17.228"/>
  <system-out/>
  <testcase classname="testPack.UrbanLadderTestClass" name="test1" time="45.662"/>
  <system-out/>
  <testcase classname="testPack.UrbanLadderTestClass" name="Test2" time="27.117"/>
  <system-out/>
  <testcase classname="testPack.UrbanLadderTestClass" name="Test2" time="32.074"/>
  <system-out/>
  <testcase classname="testPack.UrbanLadderTestClass" name="Test3" time="23.743"/>
  <system-out/>
  <testcase classname="testPack.UrbanLadderTestClass" name="Test3" time="14.339"/>
  <system-out/>
  <testcase classname="testPack.UrbanLadderTestClass" name="Test4" time="8.254"/>
  <system-out/>
  <testcase classname="testPack.UrbanLadderTestClass" name="Test4" time="12.796"/>
  <system-out/>
</testsuite> <!-- testPack.UrbanLadderTestClass -->
