<?xml version="1.0" encoding="UTF-8"?>
<!-- Generated by org.testng.reporters.JUnitReportReporter -->
<testsuite hostname="LAPTOP-NN2AJ9IO" failures="0" tests="8" name="testPack.UrbanLadderTestClass" time="227.600" errors="0" timestamp="2020-08-27T18:09:59 IST" skipped="0">
  <testcase classname="testPack.UrbanLadderTestClass" name="test1" time="41.023"/>
  <system-out/>
  <testcase classname="testPack.UrbanLadderTestClass" name="test1" time="42.195"/>
  <system-out/>
  <testcase classname="testPack.UrbanLadderTestClass" name="Test2" time="37.167"/>
  <system-out/>
  <testcase classname="testPack.UrbanLadderTestClass" name="Test2" time="35.749"/>
  <system-out/>
  <testcase classname="testPack.UrbanLadderTestClass" name="Test3" time="29.845"/>
  <system-out/>
  <testcase classname="testPack.UrbanLadderTestClass" name="Test3" time="17.724"/>
  <system-out/>
  <testcase classname="testPack.UrbanLadderTestClass" name="Test4" time="13.210"/>
  <system-out/>
  <testcase classname="testPack.UrbanLadderTestClass" name="Test4" time="10.687"/>
  <system-out/>
</testsuite> <!-- testPack.UrbanLadderTestClass -->
